<?xml version="1.0" encoding="UTF-8"?>
<testng-results skipped="0" failed="0" ignored="0" total="1" passed="1">
  <reporter-output>
  </reporter-output>
  <suite name="Default suite" duration-ms="118454" started-at="2020-04-29T10:47:55Z" finished-at="2020-04-29T10:49:53Z">
    <groups>
    </groups>
    <test name="Default test" duration-ms="118454" started-at="2020-04-29T10:47:55Z" finished-at="2020-04-29T10:49:53Z">
      <class name="flipkart.testcases.TC_001">
        <test-method status="PASS" signature="beforeMethod()[pri:0, instance:flipkart.testcases.TC_001@42d80b78]" name="beforeMethod" is-config="true" duration-ms="20437" started-at="2020-04-29T10:47:55Z" finished-at="2020-04-29T10:48:15Z">
          <reporter-output>
          </reporter-output>
        </test-method> <!-- beforeMethod -->
        <test-method status="PASS" signature="simpleTest()[pri:0, instance:flipkart.testcases.TC_001@42d80b78]" name="simpleTest" duration-ms="97960" started-at="2020-04-29T10:48:15Z" finished-at="2020-04-29T10:49:53Z">
          <reporter-output>
          </reporter-output>
        </test-method> <!-- simpleTest -->
        <test-method status="PASS" signature="afterMethod()[pri:0, instance:flipkart.testcases.TC_001@42d80b78]" name="afterMethod" is-config="true" duration-ms="0" started-at="2020-04-29T10:49:53Z" finished-at="2020-04-29T10:49:53Z">
          <reporter-output>
          </reporter-output>
        </test-method> <!-- afterMethod -->
      </class> <!-- flipkart.testcases.TC_001 -->
    </test> <!-- Default test -->
  </suite> <!-- Default suite -->
</testng-results>
